[22:59:04] [Client thread/INFO]: Setting user: Player997
[22:59:09] [Client thread/WARN]: Skipping bad option: lastServer:
[22:59:09] [Client thread/INFO]: LWJGL Version: 2.9.4
[22:59:16] [Client thread/INFO]: Reloading ResourceManager: Default, FMLFileResourcePack:Forge Mod Loader, FMLFileResourcePack:Minecraft Forge, FMLFileResourcePack:Armory, FMLFileResourcePack:Smiths Core, FMLFileResourcePack:Just Enough Items
[22:59:20] [Sound Library Loader/INFO]: Starting up SoundSystem...
[22:59:21] [Thread-8/INFO]: Initializing LWJGL OpenAL
[22:59:21] [Thread-8/INFO]: (The LWJGL binding of OpenAL.  For more information, see http://www.lwjgl.org)
[22:59:21] [Thread-8/INFO]: OpenAL initialized.
[22:59:21] [Sound Library Loader/INFO]: Sound engine started
[22:59:25] [Client thread/INFO]: Created: 16x16 textures-atlas
[22:59:44] [Client thread/INFO]: Reloading ResourceManager: Default, FMLFileResourcePack:Forge Mod Loader, FMLFileResourcePack:Minecraft Forge, FMLFileResourcePack:Armory, FMLFileResourcePack:Smiths Core, FMLFileResourcePack:Just Enough Items
[22:59:47] [Client thread/INFO]: SoundSystem shutting down...
[22:59:47] [Client thread/WARN]: Author: Paul Lamb, www.paulscode.com
[22:59:47] [Sound Library Loader/INFO]: Starting up SoundSystem...
[22:59:47] [Thread-10/INFO]: Initializing LWJGL OpenAL
[22:59:47] [Thread-10/INFO]: (The LWJGL binding of OpenAL.  For more information, see http://www.lwjgl.org)
[22:59:47] [Thread-10/INFO]: OpenAL initialized.
[22:59:48] [Sound Library Loader/INFO]: Sound engine started
[22:59:51] [Client thread/INFO]: Created: 2048x2048 textures-atlas
[22:59:52] [Client thread/WARN]: Skipping bad option: lastServer:
[22:59:53] [Realms Notification Availability checker #1/INFO]: Could not authorize you against Realms server: Invalid session id
[23:00:42] [Server thread/INFO]: Starting integrated minecraft server version 1.10.2
[23:00:42] [Server thread/INFO]: Generating keypair
[23:00:45] [Server thread/INFO]: Preparing start region for level 0
[23:00:46] [Server thread/INFO]: Preparing spawn area: 54%
[23:00:46] [Server thread/INFO]: Changing view distance to 12, from 10
[23:00:47] [Server thread/INFO]: Player997[local:E:59c356b3] logged in with entity id 30 at (595.1335212498923, 4.0, -350.587876272221)
[23:00:47] [Server thread/INFO]: Player997 joined the game
[23:00:49] [Server thread/INFO]: Saving and pausing game...
[23:00:49] [Server thread/INFO]: Saving chunks for level 'New World'/Overworld
[23:00:49] [Server thread/INFO]: Saving chunks for level 'New World'/Nether
[23:00:49] [Server thread/INFO]: Saving chunks for level 'New World'/The End
[23:00:49] [pool-2-thread-1/WARN]: Couldn't look up profile properties for com.mojang.authlib.GameProfile@6289952d[id=aa02bf6c-4f02-33d2-9844-c1af5eb9bb36,name=Player997,properties={},legacy=false]
com.mojang.authlib.exceptions.AuthenticationException: The client has sent too many requests within a certain amount of time
	at com.mojang.authlib.yggdrasil.YggdrasilAuthenticationService.makeRequest(YggdrasilAuthenticationService.java:65) ~[YggdrasilAuthenticationService.class:?]
	at com.mojang.authlib.yggdrasil.YggdrasilMinecraftSessionService.fillGameProfile(YggdrasilMinecraftSessionService.java:175) [YggdrasilMinecraftSessionService.class:?]
	at com.mojang.authlib.yggdrasil.YggdrasilMinecraftSessionService$1.load(YggdrasilMinecraftSessionService.java:59) [YggdrasilMinecraftSessionService$1.class:?]
	at com.mojang.authlib.yggdrasil.YggdrasilMinecraftSessionService$1.load(YggdrasilMinecraftSessionService.java:56) [YggdrasilMinecraftSessionService$1.class:?]
	at com.google.common.cache.LocalCache$LoadingValueReference.loadFuture(LocalCache.java:3524) [guava-17.0.jar:?]
	at com.google.common.cache.LocalCache$Segment.loadSync(LocalCache.java:2317) [guava-17.0.jar:?]
	at com.google.common.cache.LocalCache$Segment.lockedGetOrLoad(LocalCache.java:2280) [guava-17.0.jar:?]
	at com.google.common.cache.LocalCache$Segment.get(LocalCache.java:2195) [guava-17.0.jar:?]
	at com.google.common.cache.LocalCache.get(LocalCache.java:3934) [guava-17.0.jar:?]
	at com.google.common.cache.LocalCache.getOrLoad(LocalCache.java:3938) [guava-17.0.jar:?]
	at com.google.common.cache.LocalCache$LocalLoadingCache.get(LocalCache.java:4821) [guava-17.0.jar:?]
	at com.google.common.cache.LocalCache$LocalLoadingCache.getUnchecked(LocalCache.java:4827) [guava-17.0.jar:?]
	at com.mojang.authlib.yggdrasil.YggdrasilMinecraftSessionService.fillProfileProperties(YggdrasilMinecraftSessionService.java:165) [YggdrasilMinecraftSessionService.class:?]
	at net.minecraft.client.Minecraft.getProfileProperties(Minecraft.java:3060) [Minecraft.class:?]
	at net.minecraft.client.resources.SkinManager$3.run(SkinManager.java:131) [SkinManager$3.class:?]
	at java.util.concurrent.Executors$RunnableAdapter.call(Executors.java:511) [?:1.8.0_111]
	at java.util.concurrent.FutureTask.run(FutureTask.java:266) [?:1.8.0_111]
	at java.util.concurrent.ThreadPoolExecutor.runWorker(ThreadPoolExecutor.java:1142) [?:1.8.0_111]
	at java.util.concurrent.ThreadPoolExecutor$Worker.run(ThreadPoolExecutor.java:617) [?:1.8.0_111]
	at java.lang.Thread.run(Thread.java:745) [?:1.8.0_111]
[23:00:49] [Server thread/INFO]: Saving and pausing game...
[23:00:49] [Server thread/INFO]: Saving chunks for level 'New World'/Overworld
[23:00:49] [Server thread/INFO]: Saving chunks for level 'New World'/Nether
[23:00:49] [Server thread/INFO]: Saving chunks for level 'New World'/The End
[23:00:55] [Server thread/INFO]: Player997 has just earned the achievement [Taking Inventory]
[23:00:55] [Client thread/INFO]: [CHAT] Player997 has just earned the achievement [Taking Inventory]
[23:01:06] [Client thread/INFO]: Stopping!
[23:01:07] [Client thread/INFO]: SoundSystem shutting down...
[23:01:07] [Server thread/INFO]: Stopping server
[23:01:07] [Server thread/INFO]: Saving players
[23:01:07] [Server thread/INFO]: Saving worlds
[23:01:07] [Server thread/INFO]: Saving chunks for level 'New World'/Overworld
[23:01:07] [Server thread/INFO]: Saving chunks for level 'New World'/Nether
[23:01:07] [Server thread/INFO]: Saving chunks for level 'New World'/The End
[23:01:07] [Client thread/WARN]: Author: Paul Lamb, www.paulscode.com
[23:01:07] [Client Shutdown Thread/INFO]: Stopping server
[23:01:07] [Client Shutdown Thread/INFO]: Saving players
[23:01:07] [Client Shutdown Thread/INFO]: Saving worlds
